\BOOKMARK [0][-]{chapter.1}{B-2 Construction of a stadium}{}% 1
\BOOKMARK [1][-]{section.1.1}{Question 1}{chapter.1}% 2
\BOOKMARK [2][-]{subsection.1.1.1}{Parameters}{section.1.1}% 3
\BOOKMARK [2][-]{subsection.1.1.2}{Decision variable}{section.1.1}% 4
\BOOKMARK [2][-]{subsection.1.1.3}{Model}{section.1.1}% 5
\BOOKMARK [2][-]{subsection.1.1.4}{Results}{section.1.1}% 6
\BOOKMARK [1][-]{section.1.2}{Question 2}{chapter.1}% 7
\BOOKMARK [2][-]{subsection.1.2.1}{Parameters}{section.1.2}% 8
\BOOKMARK [2][-]{subsection.1.2.2}{Decision variables}{section.1.2}% 9
\BOOKMARK [2][-]{subsection.1.2.3}{Model}{section.1.2}% 10
\BOOKMARK [2][-]{subsection.1.2.4}{Results}{section.1.2}% 11
\BOOKMARK [0][-]{chapter.2}{D-1 Wagon load balancing}{}% 12
\BOOKMARK [1][-]{section.2.1}{Parameters}{chapter.2}% 13
\BOOKMARK [1][-]{section.2.2}{Decision variable}{chapter.2}% 14
\BOOKMARK [1][-]{section.2.3}{Model}{chapter.2}% 15
\BOOKMARK [1][-]{section.2.4}{Results}{chapter.2}% 16
\BOOKMARK [0][-]{chapter.3}{D-3 Tank loading}{}% 17
\BOOKMARK [1][-]{section.3.1}{Question 1}{chapter.3}% 18
\BOOKMARK [2][-]{subsection.3.1.1}{Parameters}{section.3.1}% 19
\BOOKMARK [2][-]{subsection.3.1.2}{Decision variable}{section.3.1}% 20
\BOOKMARK [2][-]{subsection.3.1.3}{Model}{section.3.1}% 21
\BOOKMARK [2][-]{subsection.3.1.4}{Results}{section.3.1}% 22
\BOOKMARK [1][-]{section.3.2}{Question 2}{chapter.3}% 23
\BOOKMARK [2][-]{subsection.3.2.1}{Model}{section.3.2}% 24
\BOOKMARK [2][-]{subsection.3.2.2}{Results}{section.3.2}% 25
\BOOKMARK [0][-]{chapter.4}{E-1 Car rental}{}% 26
\BOOKMARK [1][-]{section.4.1}{Parameters}{chapter.4}% 27
\BOOKMARK [1][-]{section.4.2}{Decision variable}{chapter.4}% 28
\BOOKMARK [1][-]{section.4.3}{Model}{chapter.4}% 29
\BOOKMARK [1][-]{section.4.4}{Results}{chapter.4}% 30
\BOOKMARK [0][-]{chapter.5}{E-5 Combining different modes of transport}{}% 31
\BOOKMARK [1][-]{section.5.1}{Parameters}{chapter.5}% 32
\BOOKMARK [1][-]{section.5.2}{Decision variables}{chapter.5}% 33
\BOOKMARK [1][-]{section.5.3}{Model}{chapter.5}% 34
\BOOKMARK [1][-]{section.5.4}{Results}{chapter.5}% 35
\BOOKMARK [0][-]{chapter.6}{F-4 Airline hub location}{}% 36
\BOOKMARK [1][-]{section.6.1}{Parameters}{chapter.6}% 37
\BOOKMARK [1][-]{section.6.2}{Decision variables}{chapter.6}% 38
\BOOKMARK [1][-]{section.6.3}{Model}{chapter.6}% 39
\BOOKMARK [1][-]{section.6.4}{Results}{chapter.6}% 40
