\BOOKMARK [1][-]{section.1}{A-4 Cane sugar production}{}% 1
\BOOKMARK [2][-]{subsection.1.1}{Parameters}{section.1}% 2
\BOOKMARK [2][-]{subsection.1.2}{Decision variables}{section.1}% 3
\BOOKMARK [2][-]{subsection.1.3}{Model}{section.1}% 4
\BOOKMARK [2][-]{subsection.1.4}{Results}{section.1}% 5
\BOOKMARK [1][-]{section.2}{A-6 Production of electricity}{}% 6
\BOOKMARK [2][-]{subsection.2.1}{Parameters}{section.2}% 7
\BOOKMARK [2][-]{subsection.2.2}{Decision variables}{section.2}% 8
\BOOKMARK [2][-]{subsection.2.3}{Model}{section.2}% 9
\BOOKMARK [2][-]{subsection.2.4}{Results}{section.2}% 10
\BOOKMARK [1][-]{section.3}{C-2 Production of drinking glasses}{}% 11
\BOOKMARK [2][-]{subsection.3.1}{Parameters}{section.3}% 12
\BOOKMARK [2][-]{subsection.3.2}{Decision variables}{section.3}% 13
\BOOKMARK [2][-]{subsection.3.3}{Model}{section.3}% 14
\BOOKMARK [2][-]{subsection.3.4}{Results}{section.3}% 15
\BOOKMARK [1][-]{section.4}{D-5 Cutting sheet metal}{}% 16
\BOOKMARK [2][-]{subsection.4.1}{Parameters}{section.4}% 17
\BOOKMARK [2][-]{subsection.4.2}{Decision variables}{section.4}% 18
\BOOKMARK [2][-]{subsection.4.3}{Model}{section.4}% 19
\BOOKMARK [2][-]{subsection.4.4}{Results}{section.4}% 20
\BOOKMARK [1][-]{section.5}{F-1 Flight connections at a hub}{}% 21
\BOOKMARK [2][-]{subsection.5.1}{Parameters}{section.5}% 22
\BOOKMARK [2][-]{subsection.5.2}{Decision variables}{section.5}% 23
\BOOKMARK [2][-]{subsection.5.3}{Model}{section.5}% 24
\BOOKMARK [2][-]{subsection.5.4}{Results}{section.5}% 25
